<?xml version="1.0" encoding="UTF-8"?>
<testsuites name="jest tests" tests="2" failures="0" time="22.211">
  <testsuite name="undefined" errors="0" failures="0" skipped="0" timestamp="2020-03-01T12:57:58" time="11.04" tests="2">
    <testcase classname=" Plugin manifest, id and version are defined" name=" Plugin manifest, id and version are defined" time="0.004">
    </testcase>
    <testcase classname=" Plugin id and version are defined" name=" Plugin id and version are defined" time="0.001">
    </testcase>
  </testsuite>
</testsuites>